I, [2018-02-15T15:52:15.873517 #18927]  INFO -- : [27f0daa2-2520-4e13-a175-455cd4733d57] Started GET "/" for 172.23.248.40 at 2018-02-15 15:52:15 -0600
F, [2018-02-15T15:52:15.875332 #18927] FATAL -- : [27f0daa2-2520-4e13-a175-455cd4733d57]   
F, [2018-02-15T15:52:15.875418 #18927] FATAL -- : [27f0daa2-2520-4e13-a175-455cd4733d57] ActionController::RoutingError (No route matches [GET] "/"):
F, [2018-02-15T15:52:15.875471 #18927] FATAL -- : [27f0daa2-2520-4e13-a175-455cd4733d57]   
F, [2018-02-15T15:52:15.875530 #18927] FATAL -- : [27f0daa2-2520-4e13-a175-455cd4733d57] actionpack (5.1.5) lib/action_dispatch/middleware/debug_exceptions.rb:63:in `call'
[27f0daa2-2520-4e13-a175-455cd4733d57] actionpack (5.1.5) lib/action_dispatch/middleware/show_exceptions.rb:31:in `call'
[27f0daa2-2520-4e13-a175-455cd4733d57] railties (5.1.5) lib/rails/rack/logger.rb:36:in `call_app'
[27f0daa2-2520-4e13-a175-455cd4733d57] railties (5.1.5) lib/rails/rack/logger.rb:24:in `block in call'
[27f0daa2-2520-4e13-a175-455cd4733d57] activesupport (5.1.5) lib/active_support/tagged_logging.rb:69:in `block in tagged'
[27f0daa2-2520-4e13-a175-455cd4733d57] activesupport (5.1.5) lib/active_support/tagged_logging.rb:26:in `tagged'
[27f0daa2-2520-4e13-a175-455cd4733d57] activesupport (5.1.5) lib/active_support/tagged_logging.rb:69:in `tagged'
[27f0daa2-2520-4e13-a175-455cd4733d57] railties (5.1.5) lib/rails/rack/logger.rb:24:in `call'
[27f0daa2-2520-4e13-a175-455cd4733d57] actionpack (5.1.5) lib/action_dispatch/middleware/remote_ip.rb:79:in `call'
[27f0daa2-2520-4e13-a175-455cd4733d57] actionpack (5.1.5) lib/action_dispatch/middleware/request_id.rb:25:in `call'
[27f0daa2-2520-4e13-a175-455cd4733d57] rack (2.0.4) lib/rack/method_override.rb:22:in `call'
[27f0daa2-2520-4e13-a175-455cd4733d57] rack (2.0.4) lib/rack/runtime.rb:22:in `call'
[27f0daa2-2520-4e13-a175-455cd4733d57] activesupport (5.1.5) lib/active_support/cache/strategy/local_cache_middleware.rb:27:in `call'
[27f0daa2-2520-4e13-a175-455cd4733d57] actionpack (5.1.5) lib/action_dispatch/middleware/executor.rb:12:in `call'
[27f0daa2-2520-4e13-a175-455cd4733d57] rack (2.0.4) lib/rack/sendfile.rb:111:in `call'
[27f0daa2-2520-4e13-a175-455cd4733d57] railties (5.1.5) lib/rails/engine.rb:522:in `call'
[27f0daa2-2520-4e13-a175-455cd4733d57] /usr/share/ruby/vendor_ruby/phusion_passenger/rack/thread_handler_extension.rb:97:in `process_request'
[27f0daa2-2520-4e13-a175-455cd4733d57] /usr/share/ruby/vendor_ruby/phusion_passenger/request_handler/thread_handler.rb:152:in `accept_and_process_next_request'
[27f0daa2-2520-4e13-a175-455cd4733d57] /usr/share/ruby/vendor_ruby/phusion_passenger/request_handler/thread_handler.rb:113:in `main_loop'
[27f0daa2-2520-4e13-a175-455cd4733d57] /usr/share/ruby/vendor_ruby/phusion_passenger/request_handler.rb:416:in `block (3 levels) in start_threads'
[27f0daa2-2520-4e13-a175-455cd4733d57] /usr/share/ruby/vendor_ruby/phusion_passenger/utils.rb:113:in `block in create_thread_and_abort_on_exception'
I, [2018-02-15T15:53:56.691748 #18927]  INFO -- : [2d0b2489-97de-4cb0-828f-aad47f87cd11] Started GET "/" for 172.23.248.40 at 2018-02-15 15:53:56 -0600
F, [2018-02-15T15:53:56.692768 #18927] FATAL -- : [2d0b2489-97de-4cb0-828f-aad47f87cd11]   
F, [2018-02-15T15:53:56.692821 #18927] FATAL -- : [2d0b2489-97de-4cb0-828f-aad47f87cd11] ActionController::RoutingError (No route matches [GET] "/"):
F, [2018-02-15T15:53:56.692858 #18927] FATAL -- : [2d0b2489-97de-4cb0-828f-aad47f87cd11]   
F, [2018-02-15T15:53:56.692898 #18927] FATAL -- : [2d0b2489-97de-4cb0-828f-aad47f87cd11] actionpack (5.1.5) lib/action_dispatch/middleware/debug_exceptions.rb:63:in `call'
[2d0b2489-97de-4cb0-828f-aad47f87cd11] actionpack (5.1.5) lib/action_dispatch/middleware/show_exceptions.rb:31:in `call'
[2d0b2489-97de-4cb0-828f-aad47f87cd11] railties (5.1.5) lib/rails/rack/logger.rb:36:in `call_app'
[2d0b2489-97de-4cb0-828f-aad47f87cd11] railties (5.1.5) lib/rails/rack/logger.rb:24:in `block in call'
[2d0b2489-97de-4cb0-828f-aad47f87cd11] activesupport (5.1.5) lib/active_support/tagged_logging.rb:69:in `block in tagged'
[2d0b2489-97de-4cb0-828f-aad47f87cd11] activesupport (5.1.5) lib/active_support/tagged_logging.rb:26:in `tagged'
[2d0b2489-97de-4cb0-828f-aad47f87cd11] activesupport (5.1.5) lib/active_support/tagged_logging.rb:69:in `tagged'
[2d0b2489-97de-4cb0-828f-aad47f87cd11] railties (5.1.5) lib/rails/rack/logger.rb:24:in `call'
[2d0b2489-97de-4cb0-828f-aad47f87cd11] actionpack (5.1.5) lib/action_dispatch/middleware/remote_ip.rb:79:in `call'
[2d0b2489-97de-4cb0-828f-aad47f87cd11] actionpack (5.1.5) lib/action_dispatch/middleware/request_id.rb:25:in `call'
[2d0b2489-97de-4cb0-828f-aad47f87cd11] rack (2.0.4) lib/rack/method_override.rb:22:in `call'
[2d0b2489-97de-4cb0-828f-aad47f87cd11] rack (2.0.4) lib/rack/runtime.rb:22:in `call'
[2d0b2489-97de-4cb0-828f-aad47f87cd11] activesupport (5.1.5) lib/active_support/cache/strategy/local_cache_middleware.rb:27:in `call'
[2d0b2489-97de-4cb0-828f-aad47f87cd11] actionpack (5.1.5) lib/action_dispatch/middleware/executor.rb:12:in `call'
[2d0b2489-97de-4cb0-828f-aad47f87cd11] rack (2.0.4) lib/rack/sendfile.rb:111:in `call'
[2d0b2489-97de-4cb0-828f-aad47f87cd11] railties (5.1.5) lib/rails/engine.rb:522:in `call'
[2d0b2489-97de-4cb0-828f-aad47f87cd11] /usr/share/ruby/vendor_ruby/phusion_passenger/rack/thread_handler_extension.rb:97:in `process_request'
[2d0b2489-97de-4cb0-828f-aad47f87cd11] /usr/share/ruby/vendor_ruby/phusion_passenger/request_handler/thread_handler.rb:152:in `accept_and_process_next_request'
[2d0b2489-97de-4cb0-828f-aad47f87cd11] /usr/share/ruby/vendor_ruby/phusion_passenger/request_handler/thread_handler.rb:113:in `main_loop'
[2d0b2489-97de-4cb0-828f-aad47f87cd11] /usr/share/ruby/vendor_ruby/phusion_passenger/request_handler.rb:416:in `block (3 levels) in start_threads'
[2d0b2489-97de-4cb0-828f-aad47f87cd11] /usr/share/ruby/vendor_ruby/phusion_passenger/utils.rb:113:in `block in create_thread_and_abort_on_exception'
I, [2018-02-15T15:54:29.561023 #18927]  INFO -- : [473456e4-2d06-44be-bc36-4d3f1daff28a] Started GET "/" for 172.23.248.40 at 2018-02-15 15:54:29 -0600
F, [2018-02-15T15:54:29.561944 #18927] FATAL -- : [473456e4-2d06-44be-bc36-4d3f1daff28a]   
F, [2018-02-15T15:54:29.562001 #18927] FATAL -- : [473456e4-2d06-44be-bc36-4d3f1daff28a] ActionController::RoutingError (No route matches [GET] "/"):
F, [2018-02-15T15:54:29.562050 #18927] FATAL -- : [473456e4-2d06-44be-bc36-4d3f1daff28a]   
F, [2018-02-15T15:54:29.562112 #18927] FATAL -- : [473456e4-2d06-44be-bc36-4d3f1daff28a] actionpack (5.1.5) lib/action_dispatch/middleware/debug_exceptions.rb:63:in `call'
[473456e4-2d06-44be-bc36-4d3f1daff28a] actionpack (5.1.5) lib/action_dispatch/middleware/show_exceptions.rb:31:in `call'
[473456e4-2d06-44be-bc36-4d3f1daff28a] railties (5.1.5) lib/rails/rack/logger.rb:36:in `call_app'
[473456e4-2d06-44be-bc36-4d3f1daff28a] railties (5.1.5) lib/rails/rack/logger.rb:24:in `block in call'
[473456e4-2d06-44be-bc36-4d3f1daff28a] activesupport (5.1.5) lib/active_support/tagged_logging.rb:69:in `block in tagged'
[473456e4-2d06-44be-bc36-4d3f1daff28a] activesupport (5.1.5) lib/active_support/tagged_logging.rb:26:in `tagged'
[473456e4-2d06-44be-bc36-4d3f1daff28a] activesupport (5.1.5) lib/active_support/tagged_logging.rb:69:in `tagged'
[473456e4-2d06-44be-bc36-4d3f1daff28a] railties (5.1.5) lib/rails/rack/logger.rb:24:in `call'
[473456e4-2d06-44be-bc36-4d3f1daff28a] actionpack (5.1.5) lib/action_dispatch/middleware/remote_ip.rb:79:in `call'
[473456e4-2d06-44be-bc36-4d3f1daff28a] actionpack (5.1.5) lib/action_dispatch/middleware/request_id.rb:25:in `call'
[473456e4-2d06-44be-bc36-4d3f1daff28a] rack (2.0.4) lib/rack/method_override.rb:22:in `call'
[473456e4-2d06-44be-bc36-4d3f1daff28a] rack (2.0.4) lib/rack/runtime.rb:22:in `call'
[473456e4-2d06-44be-bc36-4d3f1daff28a] activesupport (5.1.5) lib/active_support/cache/strategy/local_cache_middleware.rb:27:in `call'
[473456e4-2d06-44be-bc36-4d3f1daff28a] actionpack (5.1.5) lib/action_dispatch/middleware/executor.rb:12:in `call'
[473456e4-2d06-44be-bc36-4d3f1daff28a] rack (2.0.4) lib/rack/sendfile.rb:111:in `call'
[473456e4-2d06-44be-bc36-4d3f1daff28a] railties (5.1.5) lib/rails/engine.rb:522:in `call'
[473456e4-2d06-44be-bc36-4d3f1daff28a] /usr/share/ruby/vendor_ruby/phusion_passenger/rack/thread_handler_extension.rb:97:in `process_request'
[473456e4-2d06-44be-bc36-4d3f1daff28a] /usr/share/ruby/vendor_ruby/phusion_passenger/request_handler/thread_handler.rb:152:in `accept_and_process_next_request'
[473456e4-2d06-44be-bc36-4d3f1daff28a] /usr/share/ruby/vendor_ruby/phusion_passenger/request_handler/thread_handler.rb:113:in `main_loop'
[473456e4-2d06-44be-bc36-4d3f1daff28a] /usr/share/ruby/vendor_ruby/phusion_passenger/request_handler.rb:416:in `block (3 levels) in start_threads'
[473456e4-2d06-44be-bc36-4d3f1daff28a] /usr/share/ruby/vendor_ruby/phusion_passenger/utils.rb:113:in `block in create_thread_and_abort_on_exception'
I, [2018-02-15T15:56:36.595947 #18927]  INFO -- : [e2d4deca-e962-41f7-9bfe-c18791ce1206] Started GET "/" for 172.23.248.40 at 2018-02-15 15:56:36 -0600
F, [2018-02-15T15:56:36.596768 #18927] FATAL -- : [e2d4deca-e962-41f7-9bfe-c18791ce1206]   
F, [2018-02-15T15:56:36.596815 #18927] FATAL -- : [e2d4deca-e962-41f7-9bfe-c18791ce1206] ActionController::RoutingError (No route matches [GET] "/"):
F, [2018-02-15T15:56:36.596859 #18927] FATAL -- : [e2d4deca-e962-41f7-9bfe-c18791ce1206]   
F, [2018-02-15T15:56:36.596941 #18927] FATAL -- : [e2d4deca-e962-41f7-9bfe-c18791ce1206] actionpack (5.1.5) lib/action_dispatch/middleware/debug_exceptions.rb:63:in `call'
[e2d4deca-e962-41f7-9bfe-c18791ce1206] actionpack (5.1.5) lib/action_dispatch/middleware/show_exceptions.rb:31:in `call'
[e2d4deca-e962-41f7-9bfe-c18791ce1206] railties (5.1.5) lib/rails/rack/logger.rb:36:in `call_app'
[e2d4deca-e962-41f7-9bfe-c18791ce1206] railties (5.1.5) lib/rails/rack/logger.rb:24:in `block in call'
[e2d4deca-e962-41f7-9bfe-c18791ce1206] activesupport (5.1.5) lib/active_support/tagged_logging.rb:69:in `block in tagged'
[e2d4deca-e962-41f7-9bfe-c18791ce1206] activesupport (5.1.5) lib/active_support/tagged_logging.rb:26:in `tagged'
[e2d4deca-e962-41f7-9bfe-c18791ce1206] activesupport (5.1.5) lib/active_support/tagged_logging.rb:69:in `tagged'
[e2d4deca-e962-41f7-9bfe-c18791ce1206] railties (5.1.5) lib/rails/rack/logger.rb:24:in `call'
[e2d4deca-e962-41f7-9bfe-c18791ce1206] actionpack (5.1.5) lib/action_dispatch/middleware/remote_ip.rb:79:in `call'
[e2d4deca-e962-41f7-9bfe-c18791ce1206] actionpack (5.1.5) lib/action_dispatch/middleware/request_id.rb:25:in `call'
[e2d4deca-e962-41f7-9bfe-c18791ce1206] rack (2.0.4) lib/rack/method_override.rb:22:in `call'
[e2d4deca-e962-41f7-9bfe-c18791ce1206] rack (2.0.4) lib/rack/runtime.rb:22:in `call'
[e2d4deca-e962-41f7-9bfe-c18791ce1206] activesupport (5.1.5) lib/active_support/cache/strategy/local_cache_middleware.rb:27:in `call'
[e2d4deca-e962-41f7-9bfe-c18791ce1206] actionpack (5.1.5) lib/action_dispatch/middleware/executor.rb:12:in `call'
[e2d4deca-e962-41f7-9bfe-c18791ce1206] rack (2.0.4) lib/rack/sendfile.rb:111:in `call'
[e2d4deca-e962-41f7-9bfe-c18791ce1206] railties (5.1.5) lib/rails/engine.rb:522:in `call'
[e2d4deca-e962-41f7-9bfe-c18791ce1206] /usr/share/ruby/vendor_ruby/phusion_passenger/rack/thread_handler_extension.rb:97:in `process_request'
[e2d4deca-e962-41f7-9bfe-c18791ce1206] /usr/share/ruby/vendor_ruby/phusion_passenger/request_handler/thread_handler.rb:152:in `accept_and_process_next_request'
[e2d4deca-e962-41f7-9bfe-c18791ce1206] /usr/share/ruby/vendor_ruby/phusion_passenger/request_handler/thread_handler.rb:113:in `main_loop'
[e2d4deca-e962-41f7-9bfe-c18791ce1206] /usr/share/ruby/vendor_ruby/phusion_passenger/request_handler.rb:416:in `block (3 levels) in start_threads'
[e2d4deca-e962-41f7-9bfe-c18791ce1206] /usr/share/ruby/vendor_ruby/phusion_passenger/utils.rb:113:in `block in create_thread_and_abort_on_exception'
I, [2018-02-15T15:57:25.298693 #18927]  INFO -- : [8fcc54ca-5772-4db0-b1ef-755f6fa2c3ce] Started GET "/" for 172.23.248.40 at 2018-02-15 15:57:25 -0600
F, [2018-02-15T15:57:25.299296 #18927] FATAL -- : [8fcc54ca-5772-4db0-b1ef-755f6fa2c3ce]   
F, [2018-02-15T15:57:25.299352 #18927] FATAL -- : [8fcc54ca-5772-4db0-b1ef-755f6fa2c3ce] ActionController::RoutingError (No route matches [GET] "/"):
F, [2018-02-15T15:57:25.299396 #18927] FATAL -- : [8fcc54ca-5772-4db0-b1ef-755f6fa2c3ce]   
F, [2018-02-15T15:57:25.299440 #18927] FATAL -- : [8fcc54ca-5772-4db0-b1ef-755f6fa2c3ce] actionpack (5.1.5) lib/action_dispatch/middleware/debug_exceptions.rb:63:in `call'
[8fcc54ca-5772-4db0-b1ef-755f6fa2c3ce] actionpack (5.1.5) lib/action_dispatch/middleware/show_exceptions.rb:31:in `call'
[8fcc54ca-5772-4db0-b1ef-755f6fa2c3ce] railties (5.1.5) lib/rails/rack/logger.rb:36:in `call_app'
[8fcc54ca-5772-4db0-b1ef-755f6fa2c3ce] railties (5.1.5) lib/rails/rack/logger.rb:24:in `block in call'
[8fcc54ca-5772-4db0-b1ef-755f6fa2c3ce] activesupport (5.1.5) lib/active_support/tagged_logging.rb:69:in `block in tagged'
[8fcc54ca-5772-4db0-b1ef-755f6fa2c3ce] activesupport (5.1.5) lib/active_support/tagged_logging.rb:26:in `tagged'
[8fcc54ca-5772-4db0-b1ef-755f6fa2c3ce] activesupport (5.1.5) lib/active_support/tagged_logging.rb:69:in `tagged'
[8fcc54ca-5772-4db0-b1ef-755f6fa2c3ce] railties (5.1.5) lib/rails/rack/logger.rb:24:in `call'
[8fcc54ca-5772-4db0-b1ef-755f6fa2c3ce] actionpack (5.1.5) lib/action_dispatch/middleware/remote_ip.rb:79:in `call'
[8fcc54ca-5772-4db0-b1ef-755f6fa2c3ce] actionpack (5.1.5) lib/action_dispatch/middleware/request_id.rb:25:in `call'
[8fcc54ca-5772-4db0-b1ef-755f6fa2c3ce] rack (2.0.4) lib/rack/method_override.rb:22:in `call'
[8fcc54ca-5772-4db0-b1ef-755f6fa2c3ce] rack (2.0.4) lib/rack/runtime.rb:22:in `call'
[8fcc54ca-5772-4db0-b1ef-755f6fa2c3ce] activesupport (5.1.5) lib/active_support/cache/strategy/local_cache_middleware.rb:27:in `call'
[8fcc54ca-5772-4db0-b1ef-755f6fa2c3ce] actionpack (5.1.5) lib/action_dispatch/middleware/executor.rb:12:in `call'
[8fcc54ca-5772-4db0-b1ef-755f6fa2c3ce] rack (2.0.4) lib/rack/sendfile.rb:111:in `call'
[8fcc54ca-5772-4db0-b1ef-755f6fa2c3ce] railties (5.1.5) lib/rails/engine.rb:522:in `call'
[8fcc54ca-5772-4db0-b1ef-755f6fa2c3ce] /usr/share/ruby/vendor_ruby/phusion_passenger/rack/thread_handler_extension.rb:97:in `process_request'
[8fcc54ca-5772-4db0-b1ef-755f6fa2c3ce] /usr/share/ruby/vendor_ruby/phusion_passenger/request_handler/thread_handler.rb:152:in `accept_and_process_next_request'
[8fcc54ca-5772-4db0-b1ef-755f6fa2c3ce] /usr/share/ruby/vendor_ruby/phusion_passenger/request_handler/thread_handler.rb:113:in `main_loop'
[8fcc54ca-5772-4db0-b1ef-755f6fa2c3ce] /usr/share/ruby/vendor_ruby/phusion_passenger/request_handler.rb:416:in `block (3 levels) in start_threads'
[8fcc54ca-5772-4db0-b1ef-755f6fa2c3ce] /usr/share/ruby/vendor_ruby/phusion_passenger/utils.rb:113:in `block in create_thread_and_abort_on_exception'
I, [2018-02-15T15:59:11.024555 #18927]  INFO -- : [a7112671-df2e-43c0-bde0-9c69b0022265] Started GET "/" for 172.23.248.40 at 2018-02-15 15:59:11 -0600
F, [2018-02-15T15:59:11.025360 #18927] FATAL -- : [a7112671-df2e-43c0-bde0-9c69b0022265]   
F, [2018-02-15T15:59:11.025414 #18927] FATAL -- : [a7112671-df2e-43c0-bde0-9c69b0022265] ActionController::RoutingError (No route matches [GET] "/"):
F, [2018-02-15T15:59:11.025456 #18927] FATAL -- : [a7112671-df2e-43c0-bde0-9c69b0022265]   
F, [2018-02-15T15:59:11.025499 #18927] FATAL -- : [a7112671-df2e-43c0-bde0-9c69b0022265] actionpack (5.1.5) lib/action_dispatch/middleware/debug_exceptions.rb:63:in `call'
[a7112671-df2e-43c0-bde0-9c69b0022265] actionpack (5.1.5) lib/action_dispatch/middleware/show_exceptions.rb:31:in `call'
[a7112671-df2e-43c0-bde0-9c69b0022265] railties (5.1.5) lib/rails/rack/logger.rb:36:in `call_app'
[a7112671-df2e-43c0-bde0-9c69b0022265] railties (5.1.5) lib/rails/rack/logger.rb:24:in `block in call'
[a7112671-df2e-43c0-bde0-9c69b0022265] activesupport (5.1.5) lib/active_support/tagged_logging.rb:69:in `block in tagged'
[a7112671-df2e-43c0-bde0-9c69b0022265] activesupport (5.1.5) lib/active_support/tagged_logging.rb:26:in `tagged'
[a7112671-df2e-43c0-bde0-9c69b0022265] activesupport (5.1.5) lib/active_support/tagged_logging.rb:69:in `tagged'
[a7112671-df2e-43c0-bde0-9c69b0022265] railties (5.1.5) lib/rails/rack/logger.rb:24:in `call'
[a7112671-df2e-43c0-bde0-9c69b0022265] actionpack (5.1.5) lib/action_dispatch/middleware/remote_ip.rb:79:in `call'
[a7112671-df2e-43c0-bde0-9c69b0022265] actionpack (5.1.5) lib/action_dispatch/middleware/request_id.rb:25:in `call'
[a7112671-df2e-43c0-bde0-9c69b0022265] rack (2.0.4) lib/rack/method_override.rb:22:in `call'
[a7112671-df2e-43c0-bde0-9c69b0022265] rack (2.0.4) lib/rack/runtime.rb:22:in `call'
[a7112671-df2e-43c0-bde0-9c69b0022265] activesupport (5.1.5) lib/active_support/cache/strategy/local_cache_middleware.rb:27:in `call'
[a7112671-df2e-43c0-bde0-9c69b0022265] actionpack (5.1.5) lib/action_dispatch/middleware/executor.rb:12:in `call'
[a7112671-df2e-43c0-bde0-9c69b0022265] rack (2.0.4) lib/rack/sendfile.rb:111:in `call'
[a7112671-df2e-43c0-bde0-9c69b0022265] railties (5.1.5) lib/rails/engine.rb:522:in `call'
[a7112671-df2e-43c0-bde0-9c69b0022265] /usr/share/ruby/vendor_ruby/phusion_passenger/rack/thread_handler_extension.rb:97:in `process_request'
[a7112671-df2e-43c0-bde0-9c69b0022265] /usr/share/ruby/vendor_ruby/phusion_passenger/request_handler/thread_handler.rb:152:in `accept_and_process_next_request'
[a7112671-df2e-43c0-bde0-9c69b0022265] /usr/share/ruby/vendor_ruby/phusion_passenger/request_handler/thread_handler.rb:113:in `main_loop'
[a7112671-df2e-43c0-bde0-9c69b0022265] /usr/share/ruby/vendor_ruby/phusion_passenger/request_handler.rb:416:in `block (3 levels) in start_threads'
[a7112671-df2e-43c0-bde0-9c69b0022265] /usr/share/ruby/vendor_ruby/phusion_passenger/utils.rb:113:in `block in create_thread_and_abort_on_exception'
